<?xml version="1.0" encoding="UTF-8"?>
<!-- Generated by org.testng.reporters.JUnitXMLReporter -->
<testsuite hostname="ip-172-31-72-37" ignored="0" name="Test" tests="4" failures="0" timestamp="2021-06-19T04:57:29 UTC" time="0.057" errors="0">
  <testcase name="HomePageTest" time="0.006" classname="test.Testcase2"/>
  <testcase name="LoginTest" time="0.001" classname="test.Testcase1"/>
  <testcase name="SignUpTest" time="0.003" classname="test.Testcase1"/>
  <testcase name="CheckoutPageTest" time="0.001" classname="test1.Testcase3"/>
</testsuite> <!-- Test -->
