<?xml version="1.0" encoding="UTF-8"?>
<testng-results skipped="0" failed="0" ignored="1" total="2" passed="1">
  <reporter-output>
  </reporter-output>
  <suite name="Sanity Suite" duration-ms="6341" started-at="2021-06-26T05:52:08 UTC" finished-at="2021-06-26T05:52:14 UTC">
    <groups>
    </groups>
    <test name="Application1 Test" duration-ms="6341" started-at="2021-06-26T05:52:08 UTC" finished-at="2021-06-26T05:52:14 UTC">
      <class name="test.LoginTest">
        <test-method status="PASS" signature="setup()[pri:0, instance:test.LoginTest@2781e022]" name="setup" is-config="true" duration-ms="2612" started-at="2021-06-26T05:52:08 UTC" finished-at="2021-06-26T05:52:10 UTC">
          <reporter-output>
          </reporter-output>
        </test-method> <!-- setup -->
        <test-method status="PASS" signature="LoginTestcase2()[pri:0, instance:test.LoginTest@2781e022]" name="LoginTestcase2" duration-ms="3401" started-at="2021-06-26T05:52:10 UTC" finished-at="2021-06-26T05:52:14 UTC">
          <reporter-output>
          </reporter-output>
        </test-method> <!-- LoginTestcase2 -->
        <test-method status="PASS" signature="teardown()[pri:0, instance:test.LoginTest@2781e022]" name="teardown" is-config="true" duration-ms="287" started-at="2021-06-26T05:52:14 UTC" finished-at="2021-06-26T05:52:14 UTC">
          <reporter-output>
          </reporter-output>
        </test-method> <!-- teardown -->
      </class> <!-- test.LoginTest -->
    </test> <!-- Application1 Test -->
  </suite> <!-- Sanity Suite -->
</testng-results>
